<?xml version="1.0" encoding="UTF-8"?>
<testng-results skipped="0" failed="1" total="5" passed="4">
  <reporter-output>
  </reporter-output>
  <suite name="Suite" duration-ms="53193" started-at="2021-05-25T08:59:42Z" finished-at="2021-05-25T09:00:35Z">
    <groups>
    </groups>
    <test name="Test" duration-ms="53193" started-at="2021-05-25T08:59:42Z" finished-at="2021-05-25T09:00:35Z">
      <class name="pages.flip.FlipkartMain">
        <test-method status="PASS" signature="browserLaunch()[pri:0, instance:pages.flip.FlipkartMain@3e6fa38a]" name="browserLaunch" is-config="true" duration-ms="15853" started-at="2021-05-25T14:29:42Z" finished-at="2021-05-25T14:29:57Z">
          <reporter-output>
          </reporter-output>
        </test-method> <!-- browserLaunch -->
        <test-method status="PASS" signature="tc0()[pri:0, instance:pages.flip.FlipkartMain@3e6fa38a]" name="tc0" duration-ms="1216" started-at="2021-05-25T14:29:57Z" finished-at="2021-05-25T14:29:59Z">
          <reporter-output>
          </reporter-output>
        </test-method> <!-- tc0 -->
        <test-method status="PASS" signature="tc0(java.lang.String)[pri:0, instance:pages.flip.FlipkartMain@3e6fa38a]" name="tc0" duration-ms="5184" started-at="2021-05-25T14:29:59Z" finished-at="2021-05-25T14:30:04Z">
          <params>
            <param index="0">
              <value>
                <![CDATA[fasttrack watch]]>
              </value>
            </param>
          </params>
          <reporter-output>
          </reporter-output>
        </test-method> <!-- tc0 -->
        <test-method status="PASS" signature="tc1()[pri:0, instance:pages.flip.FlipkartMain@3e6fa38a]" name="tc1" duration-ms="18118" started-at="2021-05-25T14:30:04Z" finished-at="2021-05-25T14:30:22Z">
          <reporter-output>
          </reporter-output>
        </test-method> <!-- tc1 -->
        <test-method status="FAIL" signature="tc2(java.lang.String, java.lang.String, java.lang.String, java.lang.String, java.lang.String, java.lang.String, java.lang.String, java.lang.String, java.lang.String, java.lang.String)[pri:0, instance:pages.flip.FlipkartMain@3e6fa38a]" name="tc2" duration-ms="11946" started-at="2021-05-25T14:30:22Z" finished-at="2021-05-25T14:30:34Z">
          <params>
            <param index="0">
              <value>
                <![CDATA[8122157882]]>
              </value>
            </param>
            <param index="1">
              <value>
                <![CDATA[s@ngre@l]]>
              </value>
            </param>
            <param index="2">
              <value>
                <![CDATA[pavi]]>
              </value>
            </param>
            <param index="3">
              <value>
                <![CDATA[8122157882]]>
              </value>
            </param>
            <param index="4">
              <value>
                <![CDATA[609110]]>
              </value>
            </param>
            <param index="5">
              <value>
                <![CDATA[sirkali]]>
              </value>
            </param>
            <param index="6">
              <value>
                <![CDATA[11,pidari south street]]>
              </value>
            </param>
            <param index="7">
              <value>
                <![CDATA[sirkali]]>
              </value>
            </param>
            <param index="8">
              <value>
                <![CDATA[Tamil Nadu]]>
              </value>
            </param>
            <param index="9">
              <value>
                <![CDATA[pavii5891@gmail.com]]>
              </value>
            </param>
          </params>
          <exception class="org.openqa.selenium.ElementClickInterceptedException">
            <message>
              <![CDATA[element click intercepted: Element <div class="_1XFPmK"></div> is not clickable at point (91, 489). Other element would receive the click: <label for="WALLETOTHERS" class="_2Fn-Ln _30jOKh _18Z3T6">...</label>
  (Session info: chrome=90.0.4430.212)
Build info: version: '3.141.59', revision: 'e82be7d358', time: '2018-11-14T08:17:03'
System info: host: 'DESKTOP-C4N4PBO', ip: '192.168.29.220', os.name: 'Windows 10', os.arch: 'amd64', os.version: '10.0', java.version: '1.8.0_281'
Driver info: org.openqa.selenium.chrome.ChromeDriver
Capabilities {acceptInsecureCerts: false, browserName: chrome, browserVersion: 90.0.4430.212, chrome: {chromedriverVersion: 90.0.4430.24 (4c6d850f087da..., userDataDir: C:\Users\Inferno\AppData\Lo...}, goog:chromeOptions: {debuggerAddress: localhost:52570}, javascriptEnabled: true, networkConnectionEnabled: false, pageLoadStrategy: normal, platform: WINDOWS, platformName: WINDOWS, proxy: Proxy(), setWindowRect: true, strictFileInteractability: false, timeouts: {implicit: 0, pageLoad: 300000, script: 30000}, unhandledPromptBehavior: dismiss and notify, webauthn:extension:largeBlob: true, webauthn:virtualAuthenticators: true}
Session ID: 433200d43fb33b858f581bc280c741a5]]>
            </message>
            <full-stacktrace>
              <![CDATA[org.openqa.selenium.ElementClickInterceptedException: element click intercepted: Element <div class="_1XFPmK"></div> is not clickable at point (91, 489). Other element would receive the click: <label for="WALLETOTHERS" class="_2Fn-Ln _30jOKh _18Z3T6">...</label>
  (Session info: chrome=90.0.4430.212)
Build info: version: '3.141.59', revision: 'e82be7d358', time: '2018-11-14T08:17:03'
System info: host: 'DESKTOP-C4N4PBO', ip: '192.168.29.220', os.name: 'Windows 10', os.arch: 'amd64', os.version: '10.0', java.version: '1.8.0_281'
Driver info: org.openqa.selenium.chrome.ChromeDriver
Capabilities {acceptInsecureCerts: false, browserName: chrome, browserVersion: 90.0.4430.212, chrome: {chromedriverVersion: 90.0.4430.24 (4c6d850f087da..., userDataDir: C:\Users\Inferno\AppData\Lo...}, goog:chromeOptions: {debuggerAddress: localhost:52570}, javascriptEnabled: true, networkConnectionEnabled: false, pageLoadStrategy: normal, platform: WINDOWS, platformName: WINDOWS, proxy: Proxy(), setWindowRect: true, strictFileInteractability: false, timeouts: {implicit: 0, pageLoad: 300000, script: 30000}, unhandledPromptBehavior: dismiss and notify, webauthn:extension:largeBlob: true, webauthn:virtualAuthenticators: true}
Session ID: 433200d43fb33b858f581bc280c741a5
	at sun.reflect.NativeConstructorAccessorImpl.newInstance0(Native Method)
	at sun.reflect.NativeConstructorAccessorImpl.newInstance(Unknown Source)
	at sun.reflect.DelegatingConstructorAccessorImpl.newInstance(Unknown Source)
	at java.lang.reflect.Constructor.newInstance(Unknown Source)
	at org.openqa.selenium.remote.http.W3CHttpResponseCodec.createException(W3CHttpResponseCodec.java:187)
	at org.openqa.selenium.remote.http.W3CHttpResponseCodec.decode(W3CHttpResponseCodec.java:122)
	at org.openqa.selenium.remote.http.W3CHttpResponseCodec.decode(W3CHttpResponseCodec.java:49)
	at org.openqa.selenium.remote.HttpCommandExecutor.execute(HttpCommandExecutor.java:158)
	at org.openqa.selenium.remote.service.DriverCommandExecutor.execute(DriverCommandExecutor.java:83)
	at org.openqa.selenium.remote.RemoteWebDriver.execute(RemoteWebDriver.java:552)
	at org.openqa.selenium.remote.RemoteWebElement.execute(RemoteWebElement.java:285)
	at org.openqa.selenium.remote.RemoteWebElement.click(RemoteWebElement.java:84)
	at sun.reflect.NativeMethodAccessorImpl.invoke0(Native Method)
	at sun.reflect.NativeMethodAccessorImpl.invoke(Unknown Source)
	at sun.reflect.DelegatingMethodAccessorImpl.invoke(Unknown Source)
	at java.lang.reflect.Method.invoke(Unknown Source)
	at org.openqa.selenium.support.pagefactory.internal.LocatingElementHandler.invoke(LocatingElementHandler.java:51)
	at com.sun.proxy.$Proxy9.click(Unknown Source)
	at own.base.LibGlobal.click(LibGlobal.java:68)
	at pages.flip.FlipkartMain.tc2(FlipkartMain.java:95)
	at sun.reflect.NativeMethodAccessorImpl.invoke0(Native Method)
	at sun.reflect.NativeMethodAccessorImpl.invoke(Unknown Source)
	at sun.reflect.DelegatingMethodAccessorImpl.invoke(Unknown Source)
	at java.lang.reflect.Method.invoke(Unknown Source)
	at org.testng.internal.MethodInvocationHelper.invokeMethod(MethodInvocationHelper.java:100)
	at org.testng.internal.Invoker.invokeMethod(Invoker.java:646)
	at org.testng.internal.Invoker.invokeTestMethod(Invoker.java:811)
	at org.testng.internal.Invoker.invokeTestMethods(Invoker.java:1137)
	at org.testng.internal.TestMethodWorker.invokeTestMethods(TestMethodWorker.java:129)
	at org.testng.internal.TestMethodWorker.run(TestMethodWorker.java:112)
	at org.testng.TestRunner.privateRun(TestRunner.java:753)
	at org.testng.TestRunner.run(TestRunner.java:607)
	at org.testng.SuiteRunner.runTest(SuiteRunner.java:368)
	at org.testng.SuiteRunner.runSequentially(SuiteRunner.java:363)
	at org.testng.SuiteRunner.privateRun(SuiteRunner.java:321)
	at org.testng.SuiteRunner.run(SuiteRunner.java:270)
	at org.testng.SuiteRunnerWorker.runSuite(SuiteRunnerWorker.java:52)
	at org.testng.SuiteRunnerWorker.run(SuiteRunnerWorker.java:86)
	at org.testng.TestNG.runSuitesSequentially(TestNG.java:1284)
	at org.testng.TestNG.runSuitesLocally(TestNG.java:1209)
	at org.testng.TestNG.runSuites(TestNG.java:1124)
	at org.testng.TestNG.run(TestNG.java:1096)
	at org.testng.remote.AbstractRemoteTestNG.run(AbstractRemoteTestNG.java:132)
	at org.testng.remote.RemoteTestNG.initAndRun(RemoteTestNG.java:236)
	at org.testng.remote.RemoteTestNG.main(RemoteTestNG.java:81)
]]>
            </full-stacktrace>
          </exception> <!-- org.openqa.selenium.ElementClickInterceptedException -->
          <reporter-output>
          </reporter-output>
        </test-method> <!-- tc2 -->
        <test-method status="PASS" signature="tc3()[pri:0, instance:pages.flip.FlipkartMain@3e6fa38a]" name="tc3" duration-ms="743" started-at="2021-05-25T14:30:34Z" finished-at="2021-05-25T14:30:35Z">
          <reporter-output>
          </reporter-output>
        </test-method> <!-- tc3 -->
      </class> <!-- pages.flip.FlipkartMain -->
    </test> <!-- Test -->
  </suite> <!-- Suite -->
</testng-results>
